-------------------------------------------------------------------------------
Test set: com.synapticon.buckecontroller.UsbAccessoryTest
-------------------------------------------------------------------------------
Tests run: 1, Failures: 0, Errors: 1, Skipped: 0, Time elapsed: 0.246 sec <<< FAILURE! - in com.synapticon.buckecontroller.UsbAccessoryTest
testSwitchDevice(com.synapticon.buckecontroller.UsbAccessoryTest)  Time elapsed: 0.194 sec  <<< ERROR!
org.usb4java.LibUsbException: USB error 3: Unable to claim interface: Access denied (insufficient permissions)
	at com.synapticon.buckecontroller.UsbAccessory.switchDevice(UsbAccessory.java:59)
	at com.synapticon.buckecontroller.UsbAccessoryTest.testSwitchDevice(UsbAccessoryTest.java:38)

