-------------------------------------------------------------------------------
Test set: com.synapticon.buckecontroller.UsbAccessoryTest
-------------------------------------------------------------------------------
Tests run: 4, Failures: 0, Errors: 1, Skipped: 3, Time elapsed: 0.266 sec <<< FAILURE! - in com.synapticon.buckecontroller.UsbAccessoryTest
testSwitchDevice(com.synapticon.buckecontroller.UsbAccessoryTest)  Time elapsed: 0.179 sec  <<< ERROR!
org.usb4java.LibUsbException: USB error 3: Unable to claim interface: Access denied (insufficient permissions)
	at com.synapticon.buckecontroller.UsbAccessory.switchDevice(UsbAccessory.java:49)
	at com.synapticon.buckecontroller.UsbAccessoryTest.testSwitchDevice(UsbAccessoryTest.java:52)

